<?xml version="1.0" encoding="UTF-8"?>
<!--  ************************************** -->
<!--  (C) Copyright IBM Corp. 2018, 2020     -->
<!--  SPDX-License-Identifier: Apache-2.0    -->
<!--  ************************************** -->
<assembly
	xmlns="http://maven.apache.org/plugins/maven-assembly-plugin/assembly/1.1.2"
	xmlns:xsi="http://www.w3.org/2001/XMLSchema-instance"
	xsi:schemaLocation="http://maven.apache.org/plugins/maven-assembly-plugin/assembly/1.1.2 http://maven.apache.org/xsd/assembly-1.1.2.xsd">
	<id>test-dependencies</id>
	<includeBaseDirectory>false</includeBaseDirectory>
	<formats>
		<format>zip</format>
	</formats>
	<dependencySets>
		<dependencySet>
			<includes>
				<include>*:*:jar</include>
			</includes>
			<excludes>
				<exclude>*:*:jar:tests</exclude>
			</excludes>
			<fileMode>0755</fileMode>
			<outputDirectory>/</outputDirectory>
			<scope>test</scope>
		</dependencySet>
	</dependencySets>
</assembly>